[debug] [2020-01-22T22:43:32.767Z] ----------------------------------------------------------------------
[debug] [2020-01-22T22:43:32.770Z] Command:       C:\Program Files\nodejs\node.exe C:\Users\Owner\AppData\Roaming\npm\node_modules\firebase-tools\lib\bin\firebase.js deploy
[debug] [2020-01-22T22:43:32.770Z] CLI Version:   7.12.1
[debug] [2020-01-22T22:43:32.770Z] Platform:      win32
[debug] [2020-01-22T22:43:32.770Z] Node Version:  v12.14.0
[debug] [2020-01-22T22:43:32.771Z] Time:          Wed Jan 22 2020 16:43:32 GMT-0600 (Central Standard Time)
[debug] [2020-01-22T22:43:32.771Z] ----------------------------------------------------------------------
[debug] [2020-01-22T22:43:32.771Z] 
[debug] [2020-01-22T22:43:32.780Z] > command requires scopes: ["email","openid","https://www.googleapis.com/auth/cloudplatformprojects.readonly","https://www.googleapis.com/auth/firebase","https://www.googleapis.com/auth/cloud-platform"]
[debug] [2020-01-22T22:43:32.780Z] > authorizing via signed-in user
[debug] [2020-01-22T22:43:32.781Z] [iam] checking project cap-proj-practice for permissions ["cloudfunctions.functions.create","cloudfunctions.functions.delete","cloudfunctions.functions.get","cloudfunctions.functions.list","cloudfunctions.functions.update","cloudfunctions.operations.get","firebase.projects.get","firebasehosting.sites.update"]
[debug] [2020-01-22T22:43:32.782Z] > refreshing access token with scopes: ["email","https://www.googleapis.com/auth/cloud-platform","https://www.googleapis.com/auth/cloudplatformprojects.readonly","https://www.googleapis.com/auth/firebase","openid"]
[debug] [2020-01-22T22:43:32.782Z] >>> HTTP REQUEST POST https://www.googleapis.com/oauth2/v3/token  
 <request body omitted>
[debug] [2020-01-22T22:43:32.959Z] <<< HTTP RESPONSE 200
[debug] [2020-01-22T22:43:32.964Z] >>> HTTP REQUEST POST https://cloudresourcemanager.googleapis.com/v1/projects/cap-proj-practice:testIamPermissions  

[debug] [2020-01-22T22:43:33.200Z] <<< HTTP RESPONSE 200
[debug] [2020-01-22T22:43:33.201Z] >>> HTTP REQUEST GET https://firebase.googleapis.com/v1beta1/projects/cap-proj-practice  
 
[debug] [2020-01-22T22:43:33.442Z] <<< HTTP RESPONSE 200
[info] 
[info] === Deploying to 'cap-proj-practice'...
[info] 
[info] i  deploying functions, hosting
[info] Running command: npm --prefix "$RESOURCE_DIR" run lint
[info] Running command: npm --prefix "$RESOURCE_DIR" run build
[info] +  functions: Finished running predeploy script.
[debug] [2020-01-22T22:43:45.329Z] > [functions] package.json contents: {
  "name": "functions",
  "scripts": {
    "lint": "tslint --project tsconfig.json",
    "build": "tsc",
    "serve": "npm run build && firebase serve --only functions",
    "shell": "npm run build && firebase functions:shell",
    "start": "npm run shell",
    "deploy": "firebase deploy --only functions",
    "logs": "firebase functions:log"
  },
  "engines": {
    "node": "8"
  },
  "main": "lib/index.js",
  "dependencies": {
    "@sendgrid/mail": "^6.4.0",
    "firebase-admin": "^8.6.0",
    "firebase-functions": "^3.3.0"
  },
  "devDependencies": {
    "tslint": "^5.12.0",
    "typescript": "^3.2.2",
    "firebase-functions-test": "^0.1.6"
  },
  "private": true
}
[info] i  functions: ensuring necessary APIs are enabled...
[debug] [2020-01-22T22:43:45.331Z] >>> HTTP REQUEST GET https://serviceusage.googleapis.com/v1/projects/cap-proj-practice/services/cloudfunctions.googleapis.com  
 
[debug] [2020-01-22T22:43:45.331Z] >>> HTTP REQUEST GET https://serviceusage.googleapis.com/v1/projects/cap-proj-practice/services/runtimeconfig.googleapis.com  
 
[debug] [2020-01-22T22:43:45.675Z] <<< HTTP RESPONSE 200
[debug] [2020-01-22T22:43:45.725Z] <<< HTTP RESPONSE 200
[info] +  functions: all necessary APIs are enabled
[debug] [2020-01-22T22:43:45.727Z] >>> HTTP REQUEST GET https://firebase.googleapis.com/v1beta1/projects/cap-proj-practice/adminSdkConfig  
 
[debug] [2020-01-22T22:43:45.926Z] <<< HTTP RESPONSE 200
[debug] [2020-01-22T22:43:45.928Z] >>> HTTP REQUEST POST https://firebasehosting.googleapis.com/v1beta1/sites/cap-proj-practice/versions  

[debug] [2020-01-22T22:43:47.114Z] <<< HTTP RESPONSE 200
[info] i  functions: preparing functions directory for uploading...
[debug] [2020-01-22T22:43:47.118Z] >>> HTTP REQUEST GET https://runtimeconfig.googleapis.com/v1beta1/projects/cap-proj-practice/configs  
 
[debug] [2020-01-22T22:43:47.427Z] <<< HTTP RESPONSE 200
[debug] [2020-01-22T22:43:47.428Z] >>> HTTP REQUEST GET https://runtimeconfig.googleapis.com/v1beta1/projects/cap-proj-practice/configs/sendgrid/variables  
 
[debug] [2020-01-22T22:43:47.772Z] <<< HTTP RESPONSE 200
[debug] [2020-01-22T22:43:47.773Z] >>> HTTP REQUEST GET https://runtimeconfig.googleapis.com/v1beta1/projects/cap-proj-practice/configs/sendgrid/variables/key  
 
[debug] [2020-01-22T22:43:47.773Z] >>> HTTP REQUEST GET https://runtimeconfig.googleapis.com/v1beta1/projects/cap-proj-practice/configs/sendgrid/variables/template  
 
[debug] [2020-01-22T22:43:48.051Z] <<< HTTP RESPONSE 200
[debug] [2020-01-22T22:43:48.329Z] <<< HTTP RESPONSE 200
[info] i  functions: packaged functions (775.2 KB) for uploading
[debug] [2020-01-22T22:43:48.795Z] >>> HTTP REQUEST POST https://cloudfunctions.googleapis.com/v1/projects/cap-proj-practice/locations/us-central1/functions:generateUploadUrl  
 
[debug] [2020-01-22T22:43:49.558Z] <<< HTTP RESPONSE 200
[debug] [2020-01-22T22:43:49.558Z] >>> HTTP REQUEST PUT https://storage.googleapis.com/gcf-upload-us-central1-41e2d122-60f0-4875-a36a-dc31f3c711b7/26a25308-8d3b-4bd2-a655-20b2214a670c.zip?GoogleAccessId=service-1005077049627@gcf-admin-robot.iam.gserviceaccount.com&Expires=1579734831&Signature=oa5E9AC2i0OIQHYXX5D4TIsJOM1Fr6GekP7yxUdnUBLjqZKYuZGX4xuOezrEpJu6LEALSupvbewPys8Eh3dBTBfi0DpZb33mZzoVtYohHorGL6RAJTDr5cd6dixbv2tVcjzOmKuf%2FquzipHbbTHlLwiJ4ci%2Bn3aKA9MSA69MBbPbux%2BcbUt5YN2%2Bs%2F%2B1Ce9%2FWpfPO7nXqa8rasrPh2zQvbvb2ZOiGWNMPnLUKxkeGxV7JKKMMaM0748IpYi5ChoiMSllYWb3HztCKa5wt7dqKYyYMIb8OVMG6%2F20B%2BHm51x%2BKgFFdwyJ5RfPSkviZ7uFEFqtDl5b%2FO5DJzGZaWlxdA%3D%3D  
 <request body omitted>
[debug] [2020-01-22T22:43:50.410Z] <<< HTTP RESPONSE 200
[info] +  functions: functions folder uploaded successfully
[info] i  hosting[cap-proj-practice]: beginning deploy...
[info] i  hosting[cap-proj-practice]: found 85 files in dist/CKM-app
[debug] [2020-01-22T22:43:51.307Z] [hosting] hash cache [ZGlzdFxDS00tYXBw] stored for 85 files
[debug] [2020-01-22T22:43:51.309Z] [hosting][hash queue][FINAL]
[debug] [2020-01-22T22:43:51.310Z] >>> HTTP REQUEST POST https://firebasehosting.googleapis.com/v1beta1/sites/cap-proj-practice/versions/a01c7776cd6530a3:populateFiles  
 <request body omitted>
[debug] [2020-01-22T22:43:52.742Z] <<< HTTP RESPONSE 200
[debug] [2020-01-22T22:43:52.745Z] [hosting][populate queue][FINAL]
[debug] [2020-01-22T22:43:52.745Z] [hosting] uploads queued: 3
[debug] [2020-01-22T22:43:54.657Z] [hosting][upload queue][FINAL]
[info] +  hosting[cap-proj-practice]: file upload complete
[debug] [2020-01-22T22:43:54.659Z] [hosting] deploy completed after 4246ms
[debug] [2020-01-22T22:43:54.789Z] >>> HTTP REQUEST GET https://cloudfunctions.googleapis.com/v1/projects/cap-proj-practice/locations/-/functions  
 
[debug] [2020-01-22T22:43:55.248Z] <<< HTTP RESPONSE 200
[info] i  functions: updating Node.js 8 function welcomeEmail(us-central1)...
[debug] [2020-01-22T22:43:55.254Z] Trigger is:  {"eventTrigger":{"resource":"projects/cap-proj-practice","eventType":"providers/firebase.auth/eventTypes/user.create","service":"firebaseauth.googleapis.com"}}
[info] i  functions: updating Node.js 8 function genericEmail(us-central1)...
[debug] [2020-01-22T22:43:55.255Z] Trigger is:  {"httpsTrigger":{}}
[info] i  functions: updating Node.js 8 function toEmail(us-central1)...
[debug] [2020-01-22T22:43:55.256Z] Trigger is:  {"httpsTrigger":{}}
[info] i  functions: updating Node.js 8 function genericEmail2(us-central1)...
[debug] [2020-01-22T22:43:55.257Z] Trigger is:  {"httpsTrigger":{}}
[debug] [2020-01-22T22:43:55.258Z] >>> HTTP REQUEST GET https://serviceusage.googleapis.com/v1/projects/cap-proj-practice/services/cloudscheduler.googleapis.com  
 
[debug] [2020-01-22T22:43:55.580Z] <<< HTTP RESPONSE 200
[debug] [2020-01-22T22:43:55.582Z] >>> HTTP REQUEST PATCH https://cloudfunctions.googleapis.com/v1/projects/cap-proj-practice/locations/us-central1/functions/welcomeEmail {"updateMask":"sourceUploadUrl,name,labels,runtime,eventTrigger.resource,eventTrigger.eventType,eventTrigger.service"} 

[debug] [2020-01-22T22:43:55.584Z] >>> HTTP REQUEST PATCH https://cloudfunctions.googleapis.com/v1/projects/cap-proj-practice/locations/us-central1/functions/genericEmail {"updateMask":"sourceUploadUrl,name,labels,runtime,httpsTrigger"} 

[debug] [2020-01-22T22:43:55.584Z] >>> HTTP REQUEST PATCH https://cloudfunctions.googleapis.com/v1/projects/cap-proj-practice/locations/us-central1/functions/toEmail {"updateMask":"sourceUploadUrl,name,labels,runtime,httpsTrigger"} 

[debug] [2020-01-22T22:43:55.584Z] >>> HTTP REQUEST PATCH https://cloudfunctions.googleapis.com/v1/projects/cap-proj-practice/locations/us-central1/functions/genericEmail2 {"updateMask":"sourceUploadUrl,name,labels,runtime,httpsTrigger"} 

[debug] [2020-01-22T22:43:56.158Z] <<< HTTP RESPONSE 200
[debug] [2020-01-22T22:43:56.159Z] <<< HTTP RESPONSE 200
[debug] [2020-01-22T22:43:56.160Z] <<< HTTP RESPONSE 200
[debug] [2020-01-22T22:43:56.279Z] <<< HTTP RESPONSE 200
[debug] [2020-01-22T22:43:56.280Z] >>> HTTP REQUEST GET https://cloudfunctions.googleapis.com/v1/projects/cap-proj-practice/locations/-/functions  
 
[debug] [2020-01-22T22:43:56.742Z] <<< HTTP RESPONSE 200
[debug] [2020-01-22T22:43:56.743Z] >>> HTTP REQUEST GET https://cloudfunctions.googleapis.com/v1/operations/Y2FwLXByb2otcHJhY3RpY2UvdXMtY2VudHJhbDEvd2VsY29tZUVtYWlsL3hkVEhHM1NoQjM4  
 
[debug] [2020-01-22T22:43:56.743Z] >>> HTTP REQUEST GET https://cloudfunctions.googleapis.com/v1/operations/Y2FwLXByb2otcHJhY3RpY2UvdXMtY2VudHJhbDEvZ2VuZXJpY0VtYWlsL00wRmo2RXBlVE5v  
 
[debug] [2020-01-22T22:43:56.743Z] >>> HTTP REQUEST GET https://cloudfunctions.googleapis.com/v1/operations/Y2FwLXByb2otcHJhY3RpY2UvdXMtY2VudHJhbDEvdG9FbWFpbC91RXZVWlBDa0F0QQ  
 
[debug] [2020-01-22T22:43:56.744Z] >>> HTTP REQUEST GET https://cloudfunctions.googleapis.com/v1/operations/Y2FwLXByb2otcHJhY3RpY2UvdXMtY2VudHJhbDEvZ2VuZXJpY0VtYWlsMi9pUTJ4QmJ0dlNNNA  
 
[debug] [2020-01-22T22:43:57.015Z] <<< HTTP RESPONSE 200
[debug] [2020-01-22T22:43:57.035Z] <<< HTTP RESPONSE 200
[debug] [2020-01-22T22:43:57.037Z] <<< HTTP RESPONSE 200
[debug] [2020-01-22T22:43:57.046Z] <<< HTTP RESPONSE 200
[debug] [2020-01-22T22:43:59.015Z] >>> HTTP REQUEST GET https://cloudfunctions.googleapis.com/v1/operations/Y2FwLXByb2otcHJhY3RpY2UvdXMtY2VudHJhbDEvdG9FbWFpbC91RXZVWlBDa0F0QQ  
 
[debug] [2020-01-22T22:43:59.035Z] >>> HTTP REQUEST GET https://cloudfunctions.googleapis.com/v1/operations/Y2FwLXByb2otcHJhY3RpY2UvdXMtY2VudHJhbDEvd2VsY29tZUVtYWlsL3hkVEhHM1NoQjM4  
 
[debug] [2020-01-22T22:43:59.037Z] >>> HTTP REQUEST GET https://cloudfunctions.googleapis.com/v1/operations/Y2FwLXByb2otcHJhY3RpY2UvdXMtY2VudHJhbDEvZ2VuZXJpY0VtYWlsL00wRmo2RXBlVE5v  
 
[debug] [2020-01-22T22:43:59.048Z] >>> HTTP REQUEST GET https://cloudfunctions.googleapis.com/v1/operations/Y2FwLXByb2otcHJhY3RpY2UvdXMtY2VudHJhbDEvZ2VuZXJpY0VtYWlsMi9pUTJ4QmJ0dlNNNA  
 
[debug] [2020-01-22T22:43:59.302Z] <<< HTTP RESPONSE 200
[debug] [2020-01-22T22:43:59.330Z] <<< HTTP RESPONSE 200
[debug] [2020-01-22T22:43:59.346Z] <<< HTTP RESPONSE 200
[debug] [2020-01-22T22:43:59.350Z] <<< HTTP RESPONSE 200
[debug] [2020-01-22T22:44:01.303Z] >>> HTTP REQUEST GET https://cloudfunctions.googleapis.com/v1/operations/Y2FwLXByb2otcHJhY3RpY2UvdXMtY2VudHJhbDEvdG9FbWFpbC91RXZVWlBDa0F0QQ  
 
[debug] [2020-01-22T22:44:01.329Z] >>> HTTP REQUEST GET https://cloudfunctions.googleapis.com/v1/operations/Y2FwLXByb2otcHJhY3RpY2UvdXMtY2VudHJhbDEvZ2VuZXJpY0VtYWlsL00wRmo2RXBlVE5v  
 
[debug] [2020-01-22T22:44:01.347Z] >>> HTTP REQUEST GET https://cloudfunctions.googleapis.com/v1/operations/Y2FwLXByb2otcHJhY3RpY2UvdXMtY2VudHJhbDEvZ2VuZXJpY0VtYWlsMi9pUTJ4QmJ0dlNNNA  
 
[debug] [2020-01-22T22:44:01.351Z] >>> HTTP REQUEST GET https://cloudfunctions.googleapis.com/v1/operations/Y2FwLXByb2otcHJhY3RpY2UvdXMtY2VudHJhbDEvd2VsY29tZUVtYWlsL3hkVEhHM1NoQjM4  
 
[debug] [2020-01-22T22:44:01.604Z] <<< HTTP RESPONSE 200
[debug] [2020-01-22T22:44:01.623Z] <<< HTTP RESPONSE 200
[debug] [2020-01-22T22:44:01.625Z] <<< HTTP RESPONSE 200
[debug] [2020-01-22T22:44:01.640Z] <<< HTTP RESPONSE 200
[debug] [2020-01-22T22:44:03.605Z] >>> HTTP REQUEST GET https://cloudfunctions.googleapis.com/v1/operations/Y2FwLXByb2otcHJhY3RpY2UvdXMtY2VudHJhbDEvdG9FbWFpbC91RXZVWlBDa0F0QQ  
 
[debug] [2020-01-22T22:44:03.625Z] >>> HTTP REQUEST GET https://cloudfunctions.googleapis.com/v1/operations/Y2FwLXByb2otcHJhY3RpY2UvdXMtY2VudHJhbDEvZ2VuZXJpY0VtYWlsL00wRmo2RXBlVE5v  
 
[debug] [2020-01-22T22:44:03.627Z] >>> HTTP REQUEST GET https://cloudfunctions.googleapis.com/v1/operations/Y2FwLXByb2otcHJhY3RpY2UvdXMtY2VudHJhbDEvZ2VuZXJpY0VtYWlsMi9pUTJ4QmJ0dlNNNA  
 
[debug] [2020-01-22T22:44:03.640Z] >>> HTTP REQUEST GET https://cloudfunctions.googleapis.com/v1/operations/Y2FwLXByb2otcHJhY3RpY2UvdXMtY2VudHJhbDEvd2VsY29tZUVtYWlsL3hkVEhHM1NoQjM4  
 
[debug] [2020-01-22T22:44:03.888Z] <<< HTTP RESPONSE 200
[debug] [2020-01-22T22:44:03.894Z] <<< HTTP RESPONSE 200
[debug] [2020-01-22T22:44:03.895Z] <<< HTTP RESPONSE 200
[debug] [2020-01-22T22:44:03.911Z] <<< HTTP RESPONSE 200
[debug] [2020-01-22T22:44:05.889Z] >>> HTTP REQUEST GET https://cloudfunctions.googleapis.com/v1/operations/Y2FwLXByb2otcHJhY3RpY2UvdXMtY2VudHJhbDEvdG9FbWFpbC91RXZVWlBDa0F0QQ  
 
[debug] [2020-01-22T22:44:05.894Z] >>> HTTP REQUEST GET https://cloudfunctions.googleapis.com/v1/operations/Y2FwLXByb2otcHJhY3RpY2UvdXMtY2VudHJhbDEvZ2VuZXJpY0VtYWlsL00wRmo2RXBlVE5v  
 
[debug] [2020-01-22T22:44:05.895Z] >>> HTTP REQUEST GET https://cloudfunctions.googleapis.com/v1/operations/Y2FwLXByb2otcHJhY3RpY2UvdXMtY2VudHJhbDEvZ2VuZXJpY0VtYWlsMi9pUTJ4QmJ0dlNNNA  
 
[debug] [2020-01-22T22:44:05.911Z] >>> HTTP REQUEST GET https://cloudfunctions.googleapis.com/v1/operations/Y2FwLXByb2otcHJhY3RpY2UvdXMtY2VudHJhbDEvd2VsY29tZUVtYWlsL3hkVEhHM1NoQjM4  
 
[debug] [2020-01-22T22:44:06.043Z] <<< HTTP RESPONSE 200
[debug] [2020-01-22T22:44:06.171Z] <<< HTTP RESPONSE 200
[debug] [2020-01-22T22:44:06.175Z] <<< HTTP RESPONSE 200
[debug] [2020-01-22T22:44:06.216Z] <<< HTTP RESPONSE 200
[debug] [2020-01-22T22:44:08.043Z] >>> HTTP REQUEST GET https://cloudfunctions.googleapis.com/v1/operations/Y2FwLXByb2otcHJhY3RpY2UvdXMtY2VudHJhbDEvZ2VuZXJpY0VtYWlsL00wRmo2RXBlVE5v  
 
[debug] [2020-01-22T22:44:08.172Z] >>> HTTP REQUEST GET https://cloudfunctions.googleapis.com/v1/operations/Y2FwLXByb2otcHJhY3RpY2UvdXMtY2VudHJhbDEvZ2VuZXJpY0VtYWlsMi9pUTJ4QmJ0dlNNNA  
 
[debug] [2020-01-22T22:44:08.175Z] >>> HTTP REQUEST GET https://cloudfunctions.googleapis.com/v1/operations/Y2FwLXByb2otcHJhY3RpY2UvdXMtY2VudHJhbDEvdG9FbWFpbC91RXZVWlBDa0F0QQ  
 
[debug] [2020-01-22T22:44:08.183Z] <<< HTTP RESPONSE 200
[debug] [2020-01-22T22:44:08.216Z] >>> HTTP REQUEST GET https://cloudfunctions.googleapis.com/v1/operations/Y2FwLXByb2otcHJhY3RpY2UvdXMtY2VudHJhbDEvd2VsY29tZUVtYWlsL3hkVEhHM1NoQjM4  
 
[debug] [2020-01-22T22:44:08.464Z] <<< HTTP RESPONSE 200
[debug] [2020-01-22T22:44:08.468Z] <<< HTTP RESPONSE 200
[debug] [2020-01-22T22:44:08.483Z] <<< HTTP RESPONSE 200
[debug] [2020-01-22T22:44:10.183Z] >>> HTTP REQUEST GET https://cloudfunctions.googleapis.com/v1/operations/Y2FwLXByb2otcHJhY3RpY2UvdXMtY2VudHJhbDEvZ2VuZXJpY0VtYWlsL00wRmo2RXBlVE5v  
 
[debug] [2020-01-22T22:44:10.446Z] <<< HTTP RESPONSE 200
[debug] [2020-01-22T22:44:10.464Z] >>> HTTP REQUEST GET https://cloudfunctions.googleapis.com/v1/operations/Y2FwLXByb2otcHJhY3RpY2UvdXMtY2VudHJhbDEvdG9FbWFpbC91RXZVWlBDa0F0QQ  
 
[debug] [2020-01-22T22:44:10.468Z] >>> HTTP REQUEST GET https://cloudfunctions.googleapis.com/v1/operations/Y2FwLXByb2otcHJhY3RpY2UvdXMtY2VudHJhbDEvZ2VuZXJpY0VtYWlsMi9pUTJ4QmJ0dlNNNA  
 
[debug] [2020-01-22T22:44:10.483Z] >>> HTTP REQUEST GET https://cloudfunctions.googleapis.com/v1/operations/Y2FwLXByb2otcHJhY3RpY2UvdXMtY2VudHJhbDEvd2VsY29tZUVtYWlsL3hkVEhHM1NoQjM4  
 
[debug] [2020-01-22T22:44:10.741Z] <<< HTTP RESPONSE 200
[debug] [2020-01-22T22:44:10.766Z] <<< HTTP RESPONSE 200
[debug] [2020-01-22T22:44:10.777Z] <<< HTTP RESPONSE 200
[debug] [2020-01-22T22:44:12.447Z] >>> HTTP REQUEST GET https://cloudfunctions.googleapis.com/v1/operations/Y2FwLXByb2otcHJhY3RpY2UvdXMtY2VudHJhbDEvZ2VuZXJpY0VtYWlsL00wRmo2RXBlVE5v  
 
[debug] [2020-01-22T22:44:12.742Z] >>> HTTP REQUEST GET https://cloudfunctions.googleapis.com/v1/operations/Y2FwLXByb2otcHJhY3RpY2UvdXMtY2VudHJhbDEvdG9FbWFpbC91RXZVWlBDa0F0QQ  
 
[debug] [2020-01-22T22:44:12.768Z] >>> HTTP REQUEST GET https://cloudfunctions.googleapis.com/v1/operations/Y2FwLXByb2otcHJhY3RpY2UvdXMtY2VudHJhbDEvZ2VuZXJpY0VtYWlsMi9pUTJ4QmJ0dlNNNA  
 
[debug] [2020-01-22T22:44:12.775Z] <<< HTTP RESPONSE 200
[debug] [2020-01-22T22:44:12.778Z] >>> HTTP REQUEST GET https://cloudfunctions.googleapis.com/v1/operations/Y2FwLXByb2otcHJhY3RpY2UvdXMtY2VudHJhbDEvd2VsY29tZUVtYWlsL3hkVEhHM1NoQjM4  
 
[debug] [2020-01-22T22:44:12.909Z] <<< HTTP RESPONSE 200
[debug] [2020-01-22T22:44:12.929Z] <<< HTTP RESPONSE 200
[debug] [2020-01-22T22:44:13.053Z] <<< HTTP RESPONSE 200
